{
  "RSpec": {
    "coverage": {
      "/Users/Jeremyrrsmith/Coding-Projects/Makers Academy/Week 10/Bank_Tech_Test/spec/Account_spec.rb": [
        1,
        1,
        null,
        1,
        11,
        null,
        1,
        1,
        null,
        null,
        1,
        1,
        1,
        1,
        null,
        null,
        1,
        1,
        1,
        1,
        null,
        null,
        1,
        1,
        1,
        1,
        1,
        1,
        null,
        null,
        1,
        1,
        1,
        1,
        1,
        1,
        null,
        null,
        1,
        1,
        1,
        1,
        1,
        1,
        null,
        null,
        null,
        1,
        1,
        1,
        null,
        null,
        1,
        1,
        1,
        null,
        null,
        1,
        1,
        1,
        null,
        null,
        null,
        1,
        1,
        1,
        null,
        null,
        null
      ],
      "/Users/Jeremyrrsmith/Coding-Projects/Makers Academy/Week 10/Bank_Tech_Test/lib/Account.rb": [
        1,
        1,
        null,
        null,
        1,
        null,
        1,
        11,
        11,
        null,
        null,
        1,
        13,
        null,
        null,
        1,
        3,
        null,
        null,
        1,
        8,
        8,
        8,
        5,
        5,
        3,
        2,
        2,
        null,
        1,
        1,
        null,
        8,
        null,
        null,
        null,
        null,
        null,
        1,
        1,
        null,
        null
      ],
      "/Users/Jeremyrrsmith/Coding-Projects/Makers Academy/Week 10/Bank_Tech_Test/lib/Transaction.rb": [
        null,
        1,
        1,
        null,
        1,
        8,
        8,
        8,
        8,
        null,
        null
      ],
      "/Users/Jeremyrrsmith/Coding-Projects/Makers Academy/Week 10/Bank_Tech_Test/lib/Statement.rb": [
        null,
        null,
        1,
        1,
        null,
        1,
        2,
        null,
        null,
        1,
        1,
        null,
        null,
        1,
        0,
        0,
        0,
        null,
        null,
        null,
        1,
        0,
        0,
        null,
        null,
        1,
        null
      ],
      "/Users/Jeremyrrsmith/Coding-Projects/Makers Academy/Week 10/Bank_Tech_Test/spec/Statement_spec.rb": [
        1,
        1,
        1,
        null,
        1,
        2,
        1,
        1,
        1,
        1,
        null,
        1,
        1,
        1,
        1,
        null,
        null,
        null,
        1,
        1,
        1,
        1,
        0,
        0,
        null,
        null,
        null
      ],
      "/Users/Jeremyrrsmith/Coding-Projects/Makers Academy/Week 10/Bank_Tech_Test/spec/Transaction_spec.rb": [
        1,
        null,
        1,
        1,
        0,
        0,
        null,
        null,
        null,
        0,
        null,
        null,
        null,
        null,
        null
      ]
    },
    "timestamp": 1559295550
  }
}
