{
  "RSpec": {
    "coverage": {
      "/Users/Jeremyrrsmith/Coding-Projects/Makers Academy/Week 10/Bank_Tech_Test/PracticeTwo/spec/Account_spec.rb": [

      ],
      "/Users/Jeremyrrsmith/Coding-Projects/Makers Academy/Week 10/Bank_Tech_Test/PracticeTwo/spec/feature_tests_spec.rb": [
        1,
        null,
        null,
        1,
        1,
        1,
        1,
        1,
        null,
        null
      ],
      "/Users/Jeremyrrsmith/Coding-Projects/Makers Academy/Week 10/Bank_Tech_Test/PracticeTwo/lib/Account.rb": [
        1,
        1,
        null,
        null,
        1,
        1,
        null,
        null,
        null
      ]
    },
    "timestamp": 1559320068
  }
}
