{
  "RSpec": {
    "coverage": {
      "/Users/Jeremyrrsmith/Coding-Projects/Makers Academy/Week 10/Bank_Tech_Test/PracticeTwo/spec/Account_spec.rb": [
        1,
        1,
        null,
        1,
        1,
        13,
        null,
        null,
        1,
        1,
        1,
        1,
        1,
        null,
        null,
        1,
        1,
        1,
        1,
        null,
        null,
        1,
        1,
        1,
        1,
        1,
        null,
        null,
        1,
        1,
        1,
        1,
        1,
        null,
        null,
        1,
        1,
        1,
        null,
        null,
        null,
        1,
        1,
        1,
        1,
        1,
        1,
        null,
        null,
        1,
        1,
        1,
        1,
        1,
        1,
        null,
        null,
        1,
        1,
        1,
        1,
        null,
        null,
        1,
        1,
        1,
        1,
        null,
        null,
        null,
        1,
        1,
        1,
        1,
        null,
        null,
        1,
        1,
        1,
        1,
        null,
        null,
        1,
        1,
        1,
        1,
        1,
        null,
        null,
        1,
        1,
        1,
        1,
        1,
        1,
        null,
        null,
        null,
        1,
        13,
        null,
        null
      ],
      "/Users/Jeremyrrsmith/Coding-Projects/Makers Academy/Week 10/Bank_Tech_Test/PracticeTwo/lib/Account.rb": [
        1,
        null,
        1,
        1,
        1,
        null,
        1,
        13,
        13,
        null,
        null,
        1,
        16,
        null,
        16,
        15,
        15,
        null,
        1,
        1,
        null,
        null,
        16,
        null,
        16,
        16,
        null,
        null,
        1,
        6,
        null,
        6,
        5,
        5,
        null,
        1,
        1,
        null,
        null,
        6,
        6,
        null,
        6,
        6,
        null,
        null,
        1,
        2,
        2,
        null,
        null,
        1,
        3,
        null,
        6,
        5,
        null,
        1,
        null,
        null,
        6,
        5,
        5,
        null,
        1,
        1,
        null,
        null,
        6,
        3,
        null,
        null,
        1,
        3,
        null,
        null
      ],
      "/Users/Jeremyrrsmith/Coding-Projects/Makers Academy/Week 10/Bank_Tech_Test/PracticeTwo/lib/Transaction.rb": [
        1,
        1,
        null,
        1,
        null,
        null,
        null,
        null,
        25,
        25,
        25,
        25,
        null,
        null,
        1,
        8,
        8,
        null,
        null
      ],
      "/Users/Jeremyrrsmith/Coding-Projects/Makers Academy/Week 10/Bank_Tech_Test/PracticeTwo/spec/Transaction_spec.rb": [
        1,
        null,
        1,
        1,
        1,
        1,
        null,
        null,
        1,
        3,
        null,
        null,
        1,
        1,
        1,
        null,
        null,
        1,
        1,
        1,
        null,
        null,
        1,
        3,
        null,
        null
      ]
    },
    "timestamp": 1560337800
  }
}
