{
  "RSpec": {
    "coverage": {
      "/Users/Jeremyrrsmith/Coding-Projects/Makers Academy/Week 10/Bank_Tech_Test/spec/Account_spec.rb": [
        1,
        1,
        null,
        1,
        4,
        null,
        null,
        1,
        1,
        null,
        null,
        1,
        1,
        1,
        null,
        null,
        1,
        1,
        1,
        1,
        null,
        null
      ],
      "/Users/Jeremyrrsmith/Coding-Projects/Makers Academy/Week 10/Bank_Tech_Test/lib/Account.rb": [
        1,
        null,
        null,
        1,
        1,
        3,
        null,
        null,
        1,
        1,
        null,
        null,
        1,
        3,
        3,
        null,
        null,
        null
      ],
      "/Users/Jeremyrrsmith/Coding-Projects/Makers Academy/Week 10/Bank_Tech_Test/lib/Transaction.rb": [
        null,
        1,
        1,
        null,
        1,
        4,
        4,
        4,
        null,
        null
      ],
      "/Users/Jeremyrrsmith/Coding-Projects/Makers Academy/Week 10/Bank_Tech_Test/spec/Statement_spec.rb": [
        1,
        null,
        1,
        1,
        1,
        1,
        null,
        null
      ],
      "/Users/Jeremyrrsmith/Coding-Projects/Makers Academy/Week 10/Bank_Tech_Test/lib/Statement.rb": [
        null,
        1,
        null,
        null
      ],
      "/Users/Jeremyrrsmith/Coding-Projects/Makers Academy/Week 10/Bank_Tech_Test/spec/Transaction_spec.rb": [
        1,
        null,
        null,
        null,
        null,
        null,
        null,
        null,
        null,
        null,
        null,
        null,
        null,
        null,
        null,
        null,
        null,
        null,
        null,
        null,
        null,
        null,
        null,
        null,
        null,
        null,
        null,
        1,
        1,
        1,
        1,
        1,
        null,
        null
      ]
    },
    "timestamp": 1557490297
  }
}
